2023-07-21 22:15:35,356 - 20600 - DEBUG - Initializing LangDocAPI (langDocBack.initLangDocAPI())
2023-07-21 22:15:35,356 - 20600 - DEBUG - Initializing LangDoc Agent (langDocBack.initDocAgent())
2023-07-21 22:15:37,943 - 20600 - INFO - Doctor:"Hello, I'm Anna Johns, your medical assistant. It's nice to meet you. Can you please tell me what brings you in today?"(langDocBack.initDocAgent())
2023-07-21 22:15:37,958 - 20600 - INFO - Initializing patient simulation of ID 1 Vignette: 
A 42-year-old woman comes to the office for evaluation of significant anemia. She was diagnosed the previous week at an urgent care center during an evaluation for a 2-week history of progressive fatigue and dyspnea on exertion. She had a negative workup for cardiac and pulmonary disease, including normal pulse oximetry, chest x-ray, ECG, and point-of-care cardiac ultrasound. However, at that visit her hemoglobin was discovered to be 7.0 gm/dL (70 gm/L). Today in the office, she is still dyspneic with exertion, is unable to climb a flight of stairs without stopping, but she denies any other current symptoms. She has noted no bloody or dark stools or excessive vaginal bleeding. Her menses are regular, lasting 4 days, and she describes them as "not heavy." She has been told in the past that she had a "low blood count" that her previous doctor attributed to her periods and her vegetarian diet. She was sometimes treated with iron supplements but has had no other treatment or workup. 

General: Patient says she felt fine until about 2 months ago when she had "the flu," which she describes as a low-grade fever, diffuse joint pain, malaise, and a non-pruritic rash primarily over her extremities. She took acetaminophen and her symptoms resolved after 4 days. Except for her fatigue and dyspnea, she has since felt well with normal appetite and no fever or chills.

Skin: No rash or lesions noted.

HEENT: Denies pain or swelling in her neck, no nasal discharge or bleeding.

Pulmonary: Dyspnea climbing stairs, worsening over the past 3 weeks to the point that she cannot climb a flight of steps without pausing to rest. No cough or wheezing.

Cardiovascular: No exertional chest pain, palpitations, orthopnea, or paroxysmal nocturnal dyspnea.

Gastrointestinal: No nausea, vomiting, diarrhea or abdominal pain.

Genitourinary: Menses normal, last period 2 weeks prior, normal amount of bleeding for her. No other vaginal bleeding. Urination normal, no visible blood.

Musculoskeletal: No swelling or pain in joints or extremities.

Neurologic: Unremarkable

Psychiatric: Unremarkable

Medical history: History of mild anemia, never evaluated. No COPD, asthma, or other lung disease. No history of coronary artery disease, hypertension, renal disease, cancer, or diabetes.

Surgical history: Laparoscopic cholecystectomy 5 years prior.

Medications: Occasional NSAID for headache or muscle pain.

Allergies: Seasonal rhinitis, no medication allergies.

Family history: Mother, age 65, has a history of "low blood count" of uncertain etiology; father, age 68, has type 2 diabetes mellitus that is controlled with diet and exercise.

Social history: Patient is employed as a primary school teacher and coaches the girls' swimming team. She usually swims a mile or so a day, but lately she has not done so because of her exertional symptoms. She has been a vegetarian for 10 years. She does not drink alcoholic beverages and has never smoked or used recreational drugs. No recent travel. No known exposure to infectious diseases. She is married, and she and her spouse are attempting to conceive. She has an annual flu shot and has had a 2-dose immunization for COVID-19.
testing.runPatientSimulation()
2023-07-21 22:15:37,978 - 20600 - INFO - Initializing Patient Simulation with ID demoConversation (testing.initPatientSimulation())
2023-07-21 22:15:41,079 - 20600 - INFO - Patient:Hello, Anna. Nice to meet you too. I'm a 42-year-old woman of American nationality. I'm here today because I've been experiencing significant anemia, which was diagnosed at an urgent care center last week. I've been feeling progressively fatigued and have been experiencing dyspnea on exertion for the past two weeks.(testing.initPatientSimulation())
2023-07-21 22:15:41,079 - 20600 - DEBUG - langDocBack.initPatientConvo()
2023-07-21 22:15:41,082 - 20600 - INFO - Initializing doc's response to first user replies (langDocBack.initPatientConvo())
2023-07-21 22:15:45,250 - 20600 - INFO - Doctor: I'm sorry to hear that you're not feeling well. Can you tell me more about the fatigue you've been experiencing? For example, does it occur all day or at certain times? And how has it been affecting your daily activities?(initPatientConvo())
2023-07-21 22:15:45,250 - 20600 - DEBUG - langDocBack.summarizeData()
2023-07-21 22:15:45,250 - 20600 - DEBUG - langDocBack.updateSummary()
2023-07-21 22:15:50,571 - 20600 - INFO - --- SUMMARY OF demoConversation---
- Patient Demographics:
    - Age: 42 years old
    - Gender: Female
    - Nationality: American

- Symptoms:
    - Anemia: Diagnosed at an urgent care center last week
    - Fatigue: Progressive, duration of two weeks
    - Dyspnea: On exertion, duration of two weeks
2023-07-21 22:15:54,453 - 20600 - DEBUG - langDocBack.processResponse()
2023-07-21 22:15:54,453 - 20600 - DEBUG - langDocBack.updateSummary()
2023-07-21 22:16:01,406 - 20600 - INFO - --- SUMMARY OF demoConversation---
- Demographics:
    - Patient: 42-year-old American woman

- Symptoms:
    - Significant Anemia: Diagnosed at an urgent care center last week
    - Fatigue: Present throughout the day, worsens with physical exertion
    - Dyspnea on Exertion: Experienced for the past two weeks, difficulty climbing stairs, unable to swim a mile as usual

- Impact on Daily Life:
    - Significant impact on daily activities, including physical activities such as swimming and climbing stairs
2023-07-21 22:16:01,423 - 20600 - DEBUG - langDocBack.planNextQuestion()
2023-07-21 22:16:36,786 - 20600 - INFO - --- BAYESIAN ADVICE ---
Step 1: Constructing Priors

Given the patient's demographics and symptoms, the most likely conditions a priori are:

1. Iron deficiency anemia (IDA): This is the most common cause of anemia worldwide. Women are at a higher risk due to menstrual blood loss. In the US, the prevalence of IDA is about 2-5% in adult women [1].

2. Anemia of chronic disease (ACD): Also known as anemia of inflammation, this condition is common in individuals with chronic illnesses such as autoimmune diseases. The prevalence is not well defined but it's a common cause of anemia.

3. Vitamin B12 or Folate deficiency anemia: These are less common but possible, especially in individuals with poor diet or malabsorption issues. The prevalence is less than 1% in the general population [2].

4. Hemolytic anemia: This is a condition where red blood cells are destroyed faster than they can be made. It's less common, with a prevalence of about 0.2% [3].

Step 2: Bayesian Evidence

The symptoms of fatigue and dyspnea on exertion are common in anemia but do not specifically point to one type over another. However, the significant impact on daily activities suggests a severe or rapidly progressing condition. This could potentially point towards a hemolytic process or severe iron deficiency. 

Step 3: Differential Diagnoses

1. Iron deficiency anemia
2. Anemia of chronic disease
3. Vitamin B12 or Folate deficiency anemia
4. Hemolytic anemia

#### List of Questions

1. Have you noticed any changes in your menstrual cycle, such as heavier or more frequent periods?
2. Have you experienced any recent weight loss, loss of appetite, or changes in your bowel movements?
3. Do you have a history of any chronic diseases, such as rheumatoid arthritis or inflammatory bowel disease?
4. Have you noticed any unusual bruising or bleeding?
5. Have you had any recent infections or illnesses?
6. What is your diet like? Do you eat foods rich in iron, vitamin B12, and folate?
7. Do you have a family history of anemia or other blood disorders?

References:
1. Looker AC, Dallman PR, Carroll MD, Gunter EW, Johnson CL. Prevalence of iron deficiency in the United States. JAMA. 1997;277(12):973-976.
2. Allen LH. How common is vitamin B-12 deficiency? Am J Clin Nutr. 2009;89(2):693S-6S.
3. Gehrs BC, Friedberg RC. Autoimmune hemolytic anemia. Am J Hematol. 2002;69(4):258-271.
2023-07-21 22:16:36,803 - 20600 - DEBUG - langDocBack.adviseDoc()
2023-07-21 22:16:39,262 - 20600 - INFO - processResponse() - Doctor: I see, thank you for sharing that. Now, have you noticed any changes in your menstrual cycle, such as heavier or more frequent periods?
2023-07-21 22:16:41,882 - 20600 - DEBUG - langDocBack.processResponse()
2023-07-21 22:16:41,882 - 20600 - DEBUG - langDocBack.updateSummary()
2023-07-21 22:16:54,377 - 20600 - INFO - --- SUMMARY OF demoConversation---
- Demographics:
    - Patient: 42-year-old American woman

- Symptoms:
    - Significant Anemia: Diagnosed at an urgent care center last week
    - Fatigue: Present throughout the day, worsens with physical exertion
    - Dyspnea on Exertion: Experienced for the past two weeks, difficulty climbing stairs, unable to swim a mile as usual

- Menstrual Cycle:
    - Regular, lasting about 4 days, described as "not heavy"
    - No excessive vaginal bleeding

- Gastrointestinal:
    - No bloody or dark stools

- Impact on Daily Life:
    - Significant impact on daily activities, including physical activities such as swimming and climbing stairs
2023-07-21 22:16:54,394 - 20600 - DEBUG - langDocBack.planNextQuestion()
2023-07-21 22:17:28,936 - 20600 - INFO - --- BAYESIAN ADVICE ---
Step 1: Constructing Priors

The patient is a 42-year-old American woman presenting with significant anemia, fatigue, and dyspnea on exertion. Given her demographics, the most common causes of anemia in women of reproductive age in the United States include iron deficiency anemia (IDA), anemia of chronic disease, and less commonly, vitamin B12 or folate deficiency anemia. 

- Iron deficiency anemia (IDA): This is the most common cause of anemia worldwide, affecting about 20% of women of reproductive age in the US. The most common cause of IDA in women is menstrual blood loss, but our patient reports regular, not heavy periods, and no excessive vaginal bleeding. However, IDA can still occur without heavy periods, so we cannot rule it out completely. 

- Anemia of chronic disease (ACD): Also known as anemia of inflammation, this is common in individuals with chronic illnesses such as rheumatoid arthritis, chronic kidney disease, cancer, and inflammatory bowel disease. We don't have information about any chronic diseases in this patient.

- Vitamin B12 or folate deficiency anemia: These are less common, but can occur due to poor diet, malabsorption disorders, or certain medications. We don't have information about the patient's diet, medication use, or any potential malabsorption disorders.

Step 2: Bayesian Evidence

The patient's symptoms of fatigue and dyspnea on exertion are consistent with anemia, but they don't point to a specific type of anemia. The absence of gastrointestinal bleeding makes IDA due to gastrointestinal blood loss less likely, but it doesn't rule out other causes of IDA. The absence of heavy menstrual bleeding makes IDA due to menstrual blood loss less likely, but it doesn't rule out IDA completely. 

Step 3: Differential Diagnoses

Given the information we have, the differential diagnoses, in order of likelihood, are:

1. Iron deficiency anemia (IDA)
2. Anemia of chronic disease (ACD)
3. Vitamin B12 or folate deficiency anemia

#### List of Questions

1. Do you have any chronic diseases, such as rheumatoid arthritis, chronic kidney disease, cancer, or inflammatory bowel disease?
2. What is your diet like? Do you eat foods rich in iron, vitamin B12, and folate?
3. Are you taking any medications, including over-the-counter drugs, herbal supplements, or birth control pills?
4. Have you noticed any other symptoms, such as weight loss, changes in appetite, or changes in bowel habits?
5. Have you had any recent surgeries or blood donations?
6. Have you ever been diagnosed with a bleeding disorder or a condition that affects your body's ability to absorb nutrients?
2023-07-21 22:17:28,952 - 20600 - DEBUG - langDocBack.adviseDoc()
2023-07-21 22:17:33,276 - 20600 - INFO - processResponse() - Doctor: Thank you for that information. Now, could you please tell me about your diet? Specifically, do you regularly consume foods that are rich in iron, vitamin B12, and folate?
2023-07-21 22:17:36,878 - 20600 - DEBUG - langDocBack.processResponse()
2023-07-21 22:17:36,878 - 20600 - DEBUG - langDocBack.updateSummary()
2023-07-21 22:17:50,004 - 20600 - INFO - --- SUMMARY OF demoConversation---
- Demographics:
    - Patient: 42-year-old American woman

- Symptoms:
    - Significant Anemia: Diagnosed at an urgent care center last week
    - Fatigue: Present throughout the day, worsens with physical exertion
    - Dyspnea on Exertion: Experienced for the past two weeks, difficulty climbing stairs, unable to swim a mile as usual

- Menstrual Cycle:
    - Regular, lasting about 4 days, described as "not heavy"
    - No excessive vaginal bleeding

- Gastrointestinal:
    - No bloody or dark stools

- Diet:
    - Vegetarian for the past 10 years
    - Iron: Consumed through plant-based foods such as legumes, leafy greens, and fortified cereals
    - Vitamin B12: Supplemented due to vegetarian diet
    - Folate: Consumed through foods like lentils, spinach, and citrus fruits

- Impact on Daily Life:
    - Significant impact on daily activities, including physical activities such as swimming and climbing stairs
2023-07-21 22:17:50,018 - 20600 - DEBUG - langDocBack.planNextQuestion()
