2023-07-21 22:13:51,587 - 19992 - DEBUG - Initializing LangDocAPI (langDocBack.initLangDocAPI())
2023-07-21 22:13:51,587 - 19992 - DEBUG - Initializing LangDoc Agent (langDocBack.initDocAgent())
2023-07-21 22:13:54,802 - 19992 - INFO - Doctor:"Hello, I'm Anna Johns, your medical assistant. I understand you're not feeling well. Could you please describe your main symptoms to me?"(langDocBack.initDocAgent())
2023-07-21 22:13:54,802 - 19992 - INFO - Initializing patient simulation of ID 1 Vignette: 
A 42-year-old woman comes to the office for evaluation of significant anemia. She was diagnosed the previous week at an urgent care center during an evaluation for a 2-week history of progressive fatigue and dyspnea on exertion. She had a negative workup for cardiac and pulmonary disease, including normal pulse oximetry, chest x-ray, ECG, and point-of-care cardiac ultrasound. However, at that visit her hemoglobin was discovered to be 7.0 gm/dL (70 gm/L). Today in the office, she is still dyspneic with exertion, is unable to climb a flight of stairs without stopping, but she denies any other current symptoms. She has noted no bloody or dark stools or excessive vaginal bleeding. Her menses are regular, lasting 4 days, and she describes them as "not heavy." She has been told in the past that she had a "low blood count" that her previous doctor attributed to her periods and her vegetarian diet. She was sometimes treated with iron supplements but has had no other treatment or workup. 

General: Patient says she felt fine until about 2 months ago when she had "the flu," which she describes as a low-grade fever, diffuse joint pain, malaise, and a non-pruritic rash primarily over her extremities. She took acetaminophen and her symptoms resolved after 4 days. Except for her fatigue and dyspnea, she has since felt well with normal appetite and no fever or chills.

Skin: No rash or lesions noted.

HEENT: Denies pain or swelling in her neck, no nasal discharge or bleeding.

Pulmonary: Dyspnea climbing stairs, worsening over the past 3 weeks to the point that she cannot climb a flight of steps without pausing to rest. No cough or wheezing.

Cardiovascular: No exertional chest pain, palpitations, orthopnea, or paroxysmal nocturnal dyspnea.

Gastrointestinal: No nausea, vomiting, diarrhea or abdominal pain.

Genitourinary: Menses normal, last period 2 weeks prior, normal amount of bleeding for her. No other vaginal bleeding. Urination normal, no visible blood.

Musculoskeletal: No swelling or pain in joints or extremities.

Neurologic: Unremarkable

Psychiatric: Unremarkable

Medical history: History of mild anemia, never evaluated. No COPD, asthma, or other lung disease. No history of coronary artery disease, hypertension, renal disease, cancer, or diabetes.

Surgical history: Laparoscopic cholecystectomy 5 years prior.

Medications: Occasional NSAID for headache or muscle pain.

Allergies: Seasonal rhinitis, no medication allergies.

Family history: Mother, age 65, has a history of "low blood count" of uncertain etiology; father, age 68, has type 2 diabetes mellitus that is controlled with diet and exercise.

Social history: Patient is employed as a primary school teacher and coaches the girls' swimming team. She usually swims a mile or so a day, but lately she has not done so because of her exertional symptoms. She has been a vegetarian for 10 years. She does not drink alcoholic beverages and has never smoked or used recreational drugs. No recent travel. No known exposure to infectious diseases. She is married, and she and her spouse are attempting to conceive. She has an annual flu shot and has had a 2-dose immunization for COVID-19.
testing.runPatientSimulation()
2023-07-21 22:13:54,832 - 19992 - INFO - Initializing Patient Simulation with ID demoConversation (testing.initPatientSimulation())
2023-07-21 22:13:56,340 - 19992 - INFO - Patient:I'm a 42-year-old woman and I'm from the United States.(testing.initPatientSimulation())
2023-07-21 22:13:56,343 - 19992 - DEBUG - langDocBack.initPatientConvo()
2023-07-21 22:13:56,343 - 19992 - INFO - Initializing doc's response to first user replies (langDocBack.initPatientConvo())
2023-07-21 22:13:59,209 - 19992 - INFO - Doctor: Nice to meet you. Could you please tell me more about the symptoms you're experiencing?(initPatientConvo())
2023-07-21 22:13:59,209 - 19992 - DEBUG - langDocBack.summarizeData()
2023-07-21 22:13:59,209 - 19992 - DEBUG - langDocBack.updateSummary()
2023-07-21 22:14:02,358 - 19992 - INFO - --- SUMMARY OF demoConversation---
- Demographics:
    - Age: 42 years old
    - Gender: Female
    - Location: United States
- Symptoms: Not provided yet
- Relevant Data: Not provided yet
2023-07-21 22:14:05,087 - 19992 - DEBUG - langDocBack.processResponse()
2023-07-21 22:14:05,103 - 19992 - DEBUG - langDocBack.updateSummary()
2023-07-21 22:14:11,280 - 19992 - INFO - --- SUMMARY OF demoConversation---
- Demographics:
    - Age: 42 years old
    - Gender: Female
    - Location: United States

- Symptoms:
    - Fatigue: Progressive, started 2 weeks ago
    - Dyspnea: On exertion, worsening over 2 weeks, difficulty climbing stairs

- Negative symptoms:
    - No other symptoms reported
2023-07-21 22:14:11,292 - 19992 - DEBUG - langDocBack.planNextQuestion()
2023-07-21 22:14:47,826 - 19992 - INFO - --- BAYESIAN ADVICE ---
Step 1: Constructing Priors

Given the patient's demographics (42-year-old female in the United States), we can construct some priors based on epidemiological data. The two main symptoms reported are fatigue and dyspnea on exertion. 

1. Anemia: In the US, about 5.6% of women aged 42 have anemia. The symptoms of fatigue and dyspnea on exertion could be due to anemia, especially if it's iron-deficiency anemia.

2. Heart disease: The prevalence of heart disease in women aged 40-59 in the US is about 6.2%. Dyspnea on exertion is a common symptom of heart disease.

3. Chronic obstructive pulmonary disease (COPD): The prevalence of COPD in women aged 40-49 in the US is about 3.3%. Dyspnea on exertion is a common symptom of COPD.

4. Thyroid disorders: Hypothyroidism is common in women and can cause fatigue. The prevalence in the US is about 4.6%.

5. Anxiety disorders: These are common in women and can cause symptoms like fatigue and dyspnea. The prevalence in the US is about 23.4%.

Step 2: Bayesian Evidence

The patient's symptoms of progressive fatigue and dyspnea on exertion over the past 2 weeks are significant. The absence of other symptoms is also important. 

- Anemia: Fatigue and dyspnea on exertion are common symptoms of anemia. The absence of other symptoms like pallor, dizziness, or palpitations doesn't rule out anemia but makes it less likely.

- Heart disease: Dyspnea on exertion is a common symptom of heart disease. However, the absence of other symptoms like chest pain, palpitations, or edema makes heart disease less likely.

- COPD: Dyspnea on exertion is a common symptom of COPD. However, the absence of other symptoms like chronic cough or sputum production makes COPD less likely.

- Thyroid disorders: Fatigue is a common symptom of hypothyroidism. However, the absence of other symptoms like weight gain, cold intolerance, or constipation makes hypothyroidism less likely.

- Anxiety disorders: Fatigue and dyspnea could be symptoms of an anxiety disorder. The absence of other symptoms like palpitations, trembling, or feelings of impending doom doesn't rule out an anxiety disorder but makes it less likely.

Step 3: Differential Diagnoses

Based on the above, the differential diagnoses, ordered by likelihood, are:

1. Anemia
2. Anxiety disorders
3. Thyroid disorders
4. Heart disease
5. COPD

#### List of Questions

1. Have you noticed any changes in your menstrual cycle or heavy menstrual bleeding?
2. Have you experienced any unintentional weight loss or gain recently?
3. Have you noticed any changes in your mood, such as feeling anxious or depressed?
4. Have you experienced any chest pain or palpitations?
5. Do you have a history of smoking?
6. Have you noticed any changes in your bowel habits or intolerance to cold?
7. Have you been taking any medications or supplements recently?
2023-07-21 22:14:47,840 - 19992 - DEBUG - langDocBack.adviseDoc()
2023-07-21 22:14:50,305 - 19992 - INFO - processResponse() - Doctor: Thank you for sharing that with me. Have you experienced any chest pain or palpitations along with the shortness of breath?
2023-07-21 22:14:50,305 - 19992 - ERROR - An error occurred: 'list' object has no attribute 'print'
