2023-07-21 21:33:27,484 - 19864 - DEBUG - Initializing LangDocAPI (langDocBack.initLangDocAPI())
2023-07-21 21:33:27,484 - 19864 - DEBUG - Initializing LangDoc Agent (langDocBack.initDocAgent())
2023-07-21 21:33:29,468 - 19864 - INFO - Doctor:"Hello, I'm Anna Johns, your medical assistant. I understand you're not feeling well. Could you please describe your main symptoms to me?"(langDocBack.initDocAgent())
2023-07-21 21:33:29,468 - 19864 - INFO - Initializing patient simulation of ID 1 Vignette: 
A 42-year-old woman comes to the office for evaluation of significant anemia. She was diagnosed the previous week at an urgent care center during an evaluation for a 2-week history of progressive fatigue and dyspnea on exertion. She had a negative workup for cardiac and pulmonary disease, including normal pulse oximetry, chest x-ray, ECG, and point-of-care cardiac ultrasound. However, at that visit her hemoglobin was discovered to be 7.0 gm/dL (70 gm/L). Today in the office, she is still dyspneic with exertion, is unable to climb a flight of stairs without stopping, but she denies any other current symptoms. She has noted no bloody or dark stools or excessive vaginal bleeding. Her menses are regular, lasting 4 days, and she describes them as "not heavy." She has been told in the past that she had a "low blood count" that her previous doctor attributed to her periods and her vegetarian diet. She was sometimes treated with iron supplements but has had no other treatment or workup. 

General: Patient says she felt fine until about 2 months ago when she had "the flu," which she describes as a low-grade fever, diffuse joint pain, malaise, and a non-pruritic rash primarily over her extremities. She took acetaminophen and her symptoms resolved after 4 days. Except for her fatigue and dyspnea, she has since felt well with normal appetite and no fever or chills.

Skin: No rash or lesions noted.

HEENT: Denies pain or swelling in her neck, no nasal discharge or bleeding.

Pulmonary: Dyspnea climbing stairs, worsening over the past 3 weeks to the point that she cannot climb a flight of steps without pausing to rest. No cough or wheezing.

Cardiovascular: No exertional chest pain, palpitations, orthopnea, or paroxysmal nocturnal dyspnea.

Gastrointestinal: No nausea, vomiting, diarrhea or abdominal pain.

Genitourinary: Menses normal, last period 2 weeks prior, normal amount of bleeding for her. No other vaginal bleeding. Urination normal, no visible blood.

Musculoskeletal: No swelling or pain in joints or extremities.

Neurologic: Unremarkable

Psychiatric: Unremarkable

Medical history: History of mild anemia, never evaluated. No COPD, asthma, or other lung disease. No history of coronary artery disease, hypertension, renal disease, cancer, or diabetes.

Surgical history: Laparoscopic cholecystectomy 5 years prior.

Medications: Occasional NSAID for headache or muscle pain.

Allergies: Seasonal rhinitis, no medication allergies.

Family history: Mother, age 65, has a history of "low blood count" of uncertain etiology; father, age 68, has type 2 diabetes mellitus that is controlled with diet and exercise.

Social history: Patient is employed as a primary school teacher and coaches the girls' swimming team. She usually swims a mile or so a day, but lately she has not done so because of her exertional symptoms. She has been a vegetarian for 10 years. She does not drink alcoholic beverages and has never smoked or used recreational drugs. No recent travel. No known exposure to infectious diseases. She is married, and she and her spouse are attempting to conceive. She has an annual flu shot and has had a 2-dose immunization for COVID-19.
testing.runPatientSimulation()
2023-07-21 21:33:29,492 - 19864 - INFO - Initializing Patient Simulation with ID demoConversation (testing.initPatientSimulation())
2023-07-21 21:33:30,581 - 19864 - INFO - Patient:I'm a 42-year-old woman and I'm from the United States.(testing.initPatientSimulation())
2023-07-21 21:33:30,581 - 19864 - DEBUG - langDocBack.initPatientConvo()
2023-07-21 21:33:30,581 - 19864 - INFO - Initializing doc's response to first user replies (langDocBack.initPatientConvo())
2023-07-21 21:33:34,367 - 19864 - INFO - Doctor: Nice to meet you. Could you please tell me about the symptoms you've been experiencing recently?(initPatientConvo())
2023-07-21 21:33:34,367 - 19864 - DEBUG - langDocBack.summarizeData()
2023-07-21 21:33:34,367 - 19864 - DEBUG - langDocBack.updateSummary()
2023-07-21 21:33:37,343 - 19864 - INFO - --- SUMMARY OF demoConversation---
- Demographics:
    - Age: 42 years old
    - Gender: Female
    - Location: United States

- Symptoms: Not provided yet
2023-07-21 21:33:41,052 - 19864 - DEBUG - langDocBack.processResponse()
2023-07-21 21:33:41,052 - 19864 - DEBUG - langDocBack.updateSummary()
2023-07-21 21:33:47,889 - 19864 - INFO - --- SUMMARY OF demoConversation---
- Patient Demographics:
    - Age: 42 years old
    - Gender: Female
    - Nationality: United States

- Symptoms:
    - Fatigue
        - Significant, started 2 weeks ago, progressively getting worse
    - Dyspnea on exertion
        - Difficulty climbing a flight of stairs without rest, started 2 weeks ago, progressively getting worse

- Negative Symptoms:
    - No cough
    - No wheezing
    - No chest pain
    - No palpitations
2023-07-21 21:33:47,895 - 19864 - DEBUG - langDocBack.planNextQuestion()
2023-07-21 21:34:22,024 - 19864 - INFO - --- BAYESIAN ADVICE ---
Step 1: Constructing Priors

The patient is a 42-year-old female from the United States presenting with fatigue and dyspnea on exertion. Given her age, gender, and nationality, we can consider several conditions as part of our differential diagnosis. 

1. Anemia: Women are more likely to have anemia due to menstrual blood loss. The prevalence of anemia in women aged 40-59 in the US is about 9.5% (CDC, 2020). Symptoms of anemia can include fatigue and dyspnea on exertion.

2. Hypothyroidism: This condition is more common in women and the prevalence increases with age. The prevalence of hypothyroidism in the US is about 4.6% (NHANES III). Symptoms can include fatigue and dyspnea on exertion.

3. Heart disease: Although less common in premenopausal women, heart disease is still a possibility. The prevalence of heart disease in women aged 40-59 in the US is about 6.2% (CDC, 2017). Heart disease can cause dyspnea on exertion and fatigue.

4. Chronic fatigue syndrome (CFS): This condition is more common in women. The prevalence in the US is estimated to be 0.2-2.0% (CDC, 2018). CFS would cause significant fatigue and could cause dyspnea on exertion.

Step 2: Bayesian Evidence

The patient's symptoms of fatigue and dyspnea on exertion could be indicative of several conditions. However, the absence of other symptoms such as cough, wheezing, chest pain, and palpitations makes some conditions less likely.

1. Anemia: The absence of other symptoms such as pallor, tachycardia, or dizziness does not rule out anemia but makes it less likely.

2. Hypothyroidism: The absence of other symptoms such as weight gain, cold intolerance, constipation, or dry skin does not rule out hypothyroidism but makes it less likely.

3. Heart disease: The absence of chest pain, palpitations, or edema makes heart disease less likely.

4. CFS: This condition is a diagnosis of exclusion. The absence of other symptoms does not rule it out.

Step 3: Differential Diagnoses

1. Anemia
2. Hypothyroidism
3. Chronic fatigue syndrome
4. Heart disease

#### List of Questions

1. Have you noticed any changes in your menstrual cycle?
2. Have you experienced any unintentional weight gain or loss?
3. Have you noticed any changes in your skin or hair?
4. Have you been feeling cold when others are not?
5. Have you been experiencing constipation?
6. Have you noticed any swelling in your legs or feet?
7. Have you been feeling dizzy or lightheaded?
8. Have you noticed any changes in your appetite or food cravings?
9. Have you been experiencing any difficulty sleeping or changes in your sleep patterns?
10. Have you been feeling depressed or anxious?
2023-07-21 21:34:22,040 - 19864 - DEBUG - langDocBack.adviseDoc()
2023-07-21 21:34:23,545 - 19864 - INFO - processResponse() - Doctor: Have you noticed any changes in your menstrual cycle recently?
2023-07-21 21:34:25,770 - 19864 - DEBUG - langDocBack.processResponse()
2023-07-21 21:34:25,770 - 19864 - DEBUG - langDocBack.updateSummary()
2023-07-21 21:34:37,238 - 19864 - INFO - --- SUMMARY OF demoConversation---
- Patient Demographics:
    - Age: 42 years old
    - Gender: Female
    - Nationality: United States

- Symptoms:
    - Fatigue
        - Significant, started 2 weeks ago, progressively getting worse
    - Dyspnea on exertion
        - Difficulty climbing a flight of stairs without rest, started 2 weeks ago, progressively getting worse

- Menstrual Cycle:
    - Regular and consistent
    - Duration: 4 days
    - Description: Not heavy
    - Last period: 2 weeks ago, no abnormalities or excessive bleeding

- Negative Symptoms:
    - No cough
    - No wheezing
    - No chest pain
    - No palpitations
2023-07-21 21:34:37,247 - 19864 - DEBUG - langDocBack.planNextQuestion()
2023-07-21 21:35:17,997 - 19864 - INFO - --- BAYESIAN ADVICE ---
Step 1: Constructing Priors

The patient is a 42-year-old female from the United States presenting with fatigue and dyspnea on exertion. Given her age, gender, and nationality, we can consider a few conditions as part of our differential diagnosis:

1. Anemia: The prevalence of anemia in premenopausal women in the US is about 9.5% (CDC). The patient's symptoms of fatigue and dyspnea on exertion could be indicative of anemia. However, her menstrual cycle is regular and not heavy, which makes iron deficiency anemia less likely.

2. Hypothyroidism: The prevalence of hypothyroidism in the US is about 4.6% (CDC), and it is more common in women. Symptoms can include fatigue and dyspnea.

3. Cardiovascular disease: The prevalence of cardiovascular disease in women in the US is about 13.4% (CDC). Dyspnea on exertion could be a symptom of heart disease, but the absence of chest pain and palpitations makes this less likely.

4. Chronic fatigue syndrome (CFS): The prevalence of CFS in the US is about 0.2-2.0% (CDC). The patient's main symptom is significant fatigue, which is a key symptom of CFS.

5. Pulmonary disease: Given the dyspnea on exertion, pulmonary diseases like COPD or asthma could be considered. However, the absence of cough and wheezing makes these less likely.

Step 2: Bayesian Evidence

The patient's symptoms of fatigue and dyspnea on exertion could be indicative of several conditions. However, the absence of other symptoms such as cough, wheezing, chest pain, and palpitations narrows down the possibilities. The regular and not heavy menstrual cycle makes iron deficiency anemia less likely. 

Step 3: Differential Diagnoses

1. Hypothyroidism
2. Anemia (not likely iron deficiency)
3. Chronic fatigue syndrome
4. Cardiovascular disease (less likely)
5. Pulmonary disease (less likely)

#### List of Questions

1. Have you noticed any changes in your weight recently?
2. Have you been feeling cold when others do not?
3. Have you noticed any changes in your skin or hair?
4. Have you been experiencing any constipation?
5. Have you been feeling depressed or down recently?
6. Have you noticed any changes in your appetite or food tastes?
7. Have you been experiencing any difficulty sleeping?
8. Have you had any recent infections or illnesses?
9. Do you have a family history of thyroid disease or anemia?
10. Are you currently taking any medications or supplements?
2023-07-21 21:35:18,010 - 19864 - DEBUG - langDocBack.adviseDoc()
2023-07-21 21:35:19,251 - 19864 - INFO - processResponse() - Doctor: Have you noticed any changes in your weight recently?
2023-07-21 21:35:20,348 - 19864 - DEBUG - langDocBack.processResponse()
2023-07-21 21:35:20,348 - 19864 - DEBUG - langDocBack.updateSummary()
2023-07-21 21:35:30,692 - 19864 - INFO - --- SUMMARY OF demoConversation---
- Patient Demographics:
    - Age: 42 years old
    - Gender: Female
    - Nationality: United States

- Symptoms:
    - Fatigue
        - Significant, started 2 weeks ago, progressively getting worse
    - Dyspnea on exertion
        - Difficulty climbing a flight of stairs without rest, started 2 weeks ago, progressively getting worse

- Menstrual Cycle:
    - Regular and consistent
    - Duration: 4 days
    - Description: Not heavy
    - Last period: 2 weeks ago, no abnormalities or excessive bleeding

- Weight:
    - Stable, no significant changes recently

- Negative Symptoms:
    - No cough
    - No wheezing
    - No chest pain
    - No palpitations
2023-07-21 21:35:30,700 - 19864 - DEBUG - langDocBack.planNextQuestion()
2023-07-21 21:36:16,154 - 19864 - INFO - --- BAYESIAN ADVICE ---
Step 1: Constructing Priors

The patient is a 42-year-old female from the United States presenting with fatigue and dyspnea on exertion. Given her age, gender, and nationality, we can consider a few conditions as part of our differential diagnosis:

1. Anemia: The prevalence of anemia in premenopausal women in the US is about 9.5% (CDC). The patient's symptoms of fatigue and dyspnea on exertion could be indicative of anemia. However, her menstrual cycle is regular and not heavy, which makes iron deficiency anemia less likely.

2. Hypothyroidism: The prevalence of hypothyroidism in the US is about 4.6% (CDC), and it is more common in women. Symptoms can include fatigue and dyspnea.

3. Cardiovascular disease: The prevalence of cardiovascular disease in women aged 40-59 in the US is about 7.1% (CDC). Dyspnea on exertion could be a symptom of heart disease, but the absence of chest pain and palpitations makes this less likely.

4. Chronic obstructive pulmonary disease (COPD): The prevalence of COPD in women in the US is about 6.7% (CDC). Dyspnea on exertion could be a symptom of COPD, but the absence of cough and wheezing makes this less likely.

Step 2: Bayesian Evidence

The patient's symptoms of fatigue and dyspnea on exertion could be indicative of several conditions. However, the absence of other symptoms such as heavy menstruation, cough, wheezing, chest pain, and palpitations helps to narrow down the differential diagnosis. 

1. Anemia: The negative predictive value of a normal menstrual cycle for anemia is high, making this less likely.

2. Hypothyroidism: Fatigue and dyspnea could be symptoms of hypothyroidism, but additional symptoms such as weight gain, cold intolerance, and constipation are typically present.

3. Cardiovascular disease: The absence of chest pain and palpitations makes this less likely.

4. COPD: The absence of cough and wheezing makes this less likely.

Step 3: Differential Diagnoses

1. Hypothyroidism
2. Anemia
3. Cardiovascular disease
4. COPD

#### List of Questions

1. Have you noticed any changes in your skin or hair (dryness, hair loss)?
2. Have you experienced any cold intolerance or constipation?
3. Have you noticed any changes in your voice or difficulty swallowing?
4. Have you experienced any joint pain or muscle weakness?
5. Do you have a family history of thyroid disease or anemia?
6. Do you smoke or have a history of smoking?
7. Do you have any known exposure to environmental pollutants or occupational hazards?
8. Have you experienced any dizziness, fainting, or lightheadedness?
9. Have you noticed any changes in your mood or memory?
2023-07-21 21:36:16,171 - 19864 - DEBUG - langDocBack.adviseDoc()
2023-07-21 21:36:19,635 - 19864 - INFO - processResponse() - Doctor: Have you noticed any changes in your skin or hair, such as dryness or hair loss?
2023-07-21 21:36:21,402 - 19864 - DEBUG - langDocBack.processResponse()
2023-07-21 21:36:21,402 - 19864 - DEBUG - langDocBack.updateSummary()
2023-07-21 21:36:33,470 - 19864 - INFO - --- SUMMARY OF demoConversation---
- Patient Demographics:
    - Age: 42 years old
    - Gender: Female
    - Nationality: United States

- Symptoms:
    - Fatigue
        - Significant, started 2 weeks ago, progressively getting worse
    - Dyspnea on exertion
        - Difficulty climbing a flight of stairs without rest, started 2 weeks ago, progressively getting worse

- Menstrual Cycle:
    - Regular and consistent
    - Duration: 4 days
    - Description: Not heavy
    - Last period: 2 weeks ago, no abnormalities or excessive bleeding

- Weight:
    - Stable, no significant changes recently

- Skin and Hair:
    - No changes, no dryness or hair loss

- Negative Symptoms:
    - No cough
    - No wheezing
    - No chest pain
    - No palpitations
2023-07-21 21:36:33,478 - 19864 - DEBUG - langDocBack.planNextQuestion()
2023-07-21 21:37:21,900 - 19864 - INFO - --- BAYESIAN ADVICE ---
Step 1: Constructing Priors

The patient is a 42-year-old female from the United States presenting with fatigue and dyspnea on exertion. Given her age, gender, and nationality, we can consider a few conditions as part of our differential diagnosis:

1. Anemia: The prevalence of anemia in premenopausal women in the US is about 9.5% (CDC). The patient's symptoms of fatigue and dyspnea on exertion could be indicative of anemia. However, her menstrual cycle is regular and not heavy, which makes iron deficiency anemia less likely.

2. Hypothyroidism: The prevalence of hypothyroidism in the US is about 4.6% (CDC), and it is more common in women. Fatigue and dyspnea could be symptoms of hypothyroidism. However, the patient does not report any changes in skin, hair, or weight, which are common symptoms of hypothyroidism.

3. Cardiovascular disease: The prevalence of cardiovascular disease in women in the US is about 13.4% (CDC). Dyspnea on exertion could be a symptom of heart disease. However, the patient does not report any chest pain or palpitations, which are common symptoms of heart disease.

4. Chronic fatigue syndrome (CFS): The prevalence of CFS in the US is about 0.2-2.0% (CDC). The patient's main symptom is significant fatigue, which is the primary symptom of CFS.

Step 2: Bayesian Evidence

The patient's symptoms of fatigue and dyspnea on exertion could be indicative of several conditions. However, the absence of other symptoms such as heavy menstruation, changes in skin or hair, weight changes, chest pain, or palpitations makes some conditions less likely.

1. Anemia: The sensitivity of fatigue for anemia is about 49-77% and the specificity is about 50% (PubMed). The sensitivity of dyspnea for anemia is about 50% and the specificity is about 75% (PubMed). Given the patient's symptoms and the absence of heavy menstruation, the likelihood of anemia is moderately updated.

2. Hypothyroidism: The sensitivity of fatigue for hypothyroidism is about 80% and the specificity is about 57% (PubMed). The sensitivity of dyspnea for hypothyroidism is not well established. Given the patient's symptoms and the absence of other common symptoms of hypothyroidism, the likelihood of this condition is slightly updated.

3. Cardiovascular disease: The sensitivity of dyspnea on exertion for heart disease is about 63% and the specificity is about 89% (PubMed). However, the absence of chest pain or palpitations makes heart disease less likely.

4. Chronic fatigue syndrome: The sensitivity of significant fatigue for CFS is about 95% and the specificity is about 75% (PubMed). Given the patient's symptoms, the likelihood of CFS is significantly updated.

Step 3: Differential Diagnoses

1. Chronic fatigue syndrome
2. Anemia
3. Hypothyroidism
4. Cardiovascular disease

#### List of Questions

1. Have you noticed any changes in your appetite or bowel habits?
2. Have you been experiencing any sleep disturbances?
3. Have you been feeling depressed or anxious?
4. Have you had any recent infections or illnesses?
5. Do you have a family history of any chronic diseases, such as thyroid disease or heart disease?
6. Are you currently taking any medications or supplements?
7. Have you been exposed to any environmental toxins or allergens?
8. Have you experienced any recent stress or major life changes?
2023-07-21 21:37:21,908 - 19864 - DEBUG - langDocBack.adviseDoc()
2023-07-21 21:37:23,541 - 19864 - INFO - processResponse() - Doctor: Have you been experiencing any changes in your appetite or bowel habits?
2023-07-21 21:37:25,573 - 19864 - DEBUG - langDocBack.processResponse()
2023-07-21 21:37:25,573 - 19864 - DEBUG - langDocBack.updateSummary()
2023-07-21 21:37:39,605 - 19864 - INFO - --- SUMMARY OF demoConversation---
- Patient Demographics:
    - Age: 42 years old
    - Gender: Female
    - Nationality: United States

- Symptoms:
    - Fatigue
        - Significant, started 2 weeks ago, progressively getting worse
    - Dyspnea on exertion
        - Difficulty climbing a flight of stairs without rest, started 2 weeks ago, progressively getting worse

- Menstrual Cycle:
    - Regular and consistent
    - Duration: 4 days
    - Description: Not heavy
    - Last period: 2 weeks ago, no abnormalities or excessive bleeding

- Weight:
    - Stable, no significant changes recently

- Skin and Hair:
    - No changes, no dryness or hair loss

- Appetite and Bowel Habits:
    - Normal appetite
    - Regular bowel habits
    - No nausea, vomiting, diarrhea, or abdominal pain

- Negative Symptoms:
    - No cough
    - No wheezing
    - No chest pain
    - No palpitations
2023-07-21 21:37:39,615 - 19864 - DEBUG - langDocBack.planNextQuestion()
2023-07-21 21:38:15,868 - 19864 - INFO - --- BAYESIAN ADVICE ---
Step 1: Constructing Priors

Given the patient's demographics (42-year-old female from the United States), the most common conditions associated with fatigue and dyspnea on exertion include:

1. Anemia: The prevalence of anemia in premenopausal women in the US is about 9.5% (Gaskell et al., 2008). The patient's symptoms of fatigue and dyspnea on exertion could be due to anemia, although her menstrual cycle is regular and not heavy, which makes iron deficiency anemia less likely.

2. Hypothyroidism: The prevalence of hypothyroidism in the US is about 4.6% (Hollowell et al., 2002). Fatigue and dyspnea on exertion could be symptoms of hypothyroidism. However, the patient does not report any changes in skin, hair, or weight, which are common in hypothyroidism.

3. Cardiovascular disease: The prevalence of cardiovascular disease in women aged 40-59 in the US is about 7.1% (Benjamin et al., 2019). Dyspnea on exertion is a common symptom of heart disease, but the patient does not report chest pain or palpitations.

4. Chronic obstructive pulmonary disease (COPD): The prevalence of COPD in women in the US is about 6.7% (Wheaton et al., 2015). Dyspnea on exertion could be a symptom of COPD, but the patient does not report cough or wheezing.

Step 2: Bayesian Evidence

The patient's symptoms of fatigue and dyspnea on exertion are nonspecific and could be due to a variety of conditions. However, the absence of other symptoms such as heavy menstruation, changes in skin or hair, weight changes, chest pain, palpitations, cough, or wheezing makes some conditions less likely.

Step 3: Differential Diagnoses

Based on the patient's symptoms and the absence of other symptoms, the most likely conditions are:

1. Anemia
2. Hypothyroidism
3. Cardiovascular disease
4. COPD

#### List of Questions

1. Have you noticed any changes in your skin color (pallor)?
2. Have you experienced any cold intolerance or constipation?
3. Have you had any dizziness or fainting episodes?
4. Do you have a family history of thyroid disease or cardiovascular disease?
5. Are you a smoker or have you been exposed to secondhand smoke or environmental pollutants?
6. Have you been feeling more stressed or anxious lately?
7. Have you been sleeping well?
8. Have you been exposed to anyone with a viral or bacterial infection recently?
2023-07-21 21:38:15,876 - 19864 - DEBUG - langDocBack.adviseDoc()
2023-07-21 21:38:17,400 - 19864 - INFO - processResponse() - Doctor: Have you noticed any changes in your skin color, such as pallor?
2023-07-21 21:38:18,691 - 19864 - DEBUG - langDocBack.processResponse()
2023-07-21 21:38:18,691 - 19864 - DEBUG - langDocBack.updateSummary()
2023-07-21 21:38:32,347 - 19864 - INFO - --- SUMMARY OF demoConversation---
- Patient Demographics:
    - Age: 42 years old
    - Gender: Female
    - Nationality: United States

- Symptoms:
    - Fatigue
        - Significant, started 2 weeks ago, progressively getting worse
    - Dyspnea on exertion
        - Difficulty climbing a flight of stairs without rest, started 2 weeks ago, progressively getting worse

- Menstrual Cycle:
    - Regular and consistent
    - Duration: 4 days
    - Description: Not heavy
    - Last period: 2 weeks ago, no abnormalities or excessive bleeding

- Weight:
    - Stable, no significant changes recently

- Skin and Hair:
    - No changes, no dryness or hair loss
    - Skin color: Normal, no noticeable pallor

- Appetite and Bowel Habits:
    - Normal appetite
    - Regular bowel habits
    - No nausea, vomiting, diarrhea, or abdominal pain

- Negative Symptoms:
    - No cough
    - No wheezing
    - No chest pain
    - No palpitations
2023-07-21 21:38:32,360 - 19864 - DEBUG - langDocBack.planNextQuestion()
2023-07-21 21:39:08,885 - 19864 - INFO - --- BAYESIAN ADVICE ---
Step 1: Constructing Priors

The patient is a 42-year-old female from the United States presenting with fatigue and dyspnea on exertion. Given her age, gender, and nationality, we can consider a few conditions as part of our differential diagnosis:

1. Anemia: The prevalence of anemia in premenopausal women in the United States is about 9.5% (CDC). However, the patient's menstrual cycle is regular and not heavy, and there is no noticeable pallor, which makes anemia less likely.

2. Hypothyroidism: The prevalence of hypothyroidism in the United States is about 4.6% (CDC), and it is more common in women. However, the patient does not report any changes in weight, skin, or hair, which are common symptoms of hypothyroidism.

3. Cardiovascular disease: The prevalence of cardiovascular disease in women aged 40-59 in the United States is about 7.1% (CDC). The patient's dyspnea on exertion could be a symptom of cardiovascular disease.

4. Chronic obstructive pulmonary disease (COPD): The prevalence of COPD in women in the United States is about 6.7% (CDC). However, the patient does not report any cough or wheezing, which are common symptoms of COPD.

5. Anxiety or depression: The prevalence of anxiety disorders in the United States is about 19.1%, and the prevalence of major depressive disorder is about 7.1% (NIMH). Fatigue can be a symptom of both conditions.

Step 2: Bayesian Evidence

The patient's symptoms of fatigue and dyspnea on exertion could be indicative of a number of conditions. However, the absence of other symptoms such as changes in weight, skin, or hair, cough or wheezing, and abnormalities in menstrual cycle or bowel habits makes some conditions less likely. 

Step 3: Differential Diagnoses

1. Anxiety or depression: Given the high prevalence and the presence of fatigue, this seems the most likely.
2. Cardiovascular disease: Given the patient's age and the symptom of dyspnea on exertion.
3. Hypothyroidism: Despite the absence of typical symptoms, the prevalence and the presence of fatigue make this a possibility.
4. Anemia: Less likely given the absence of typical symptoms and the patient's menstrual history.
5. COPD: Least likely given the absence of typical symptoms.

#### List of Questions

1. Have you been feeling anxious or depressed recently?
2. Do you have a family history of cardiovascular disease or hypothyroidism?
3. Have you noticed any changes in your heart rate or rhythm?
4. Have you experienced any dizziness or fainting spells?
5. Have you been exposed to any environmental toxins or smoke that could affect your lungs?
6. Have you had any recent infections or illnesses?
7. Are you taking any medications or supplements?
2023-07-21 21:39:08,893 - 19864 - DEBUG - langDocBack.adviseDoc()
2023-07-21 21:39:10,020 - 19864 - INFO - processResponse() - Doctor: Have you been feeling anxious or depressed recently?
2023-07-21 21:39:11,560 - 19864 - DEBUG - langDocBack.processResponse()
2023-07-21 21:39:11,560 - 19864 - DEBUG - langDocBack.updateSummary()
2023-07-21 21:39:35,636 - 19864 - INFO - --- SUMMARY OF demoConversation---
- Patient Demographics:
    - Age: 42 years old
    - Gender: Female
    - Nationality: United States

- Symptoms:
    - Fatigue
        - Significant, started 2 weeks ago, progressively getting worse
    - Dyspnea on exertion
        - Difficulty climbing a flight of stairs without rest, started 2 weeks ago, progressively getting worse

- Menstrual Cycle:
    - Regular and consistent
    - Duration: 4 days
    - Description: Not heavy
    - Last period: 2 weeks ago, no abnormalities or excessive bleeding

- Weight:
    - Stable, no significant changes recently

- Skin and Hair:
    - No changes, no dryness or hair loss
    - Skin color: Normal, no noticeable pallor

- Appetite and Bowel Habits:
    - Normal appetite
    - Regular bowel habits
    - No nausea, vomiting, diarrhea, or abdominal pain

- Mental Health:
    - Mood: Stable, no recent changes
    - No feelings of anxiety or depression

- Negative Symptoms:
    - No cough
    - No wheezing
    - No chest pain
    - No palpitations
2023-07-21 21:39:35,639 - 19864 - DEBUG - langDocBack.planNextQuestion()
2023-07-21 21:40:10,247 - 19864 - INFO - --- BAYESIAN ADVICE ---
Step 1: Constructing Priors

Given the patient's demographics (42-year-old female from the United States), the most common conditions associated with fatigue and dyspnea on exertion include:

1. Anemia: The prevalence of anemia in premenopausal women in the US is about 9.5% (CDC, 2020). However, the patient's regular and not heavy menstrual cycle, normal skin color, and absence of hair loss or dryness make this less likely.

2. Hypothyroidism: The prevalence of hypothyroidism in women aged 40-49 is about 4.6% (NHANES III). The patient's stable weight, normal skin and hair, and stable mood make this less likely.

3. Cardiovascular disease: The prevalence of cardiovascular disease in women aged 40-59 is about 11.3% (CDC, 2017). However, the absence of chest pain, palpitations, and other cardiovascular symptoms make this less likely.

4. Chronic obstructive pulmonary disease (COPD): The prevalence of COPD in women aged 35-44 is about 2.9% (CDC, 2018). However, the absence of cough, wheezing, and other respiratory symptoms make this less likely.

5. Deconditioning: This is a common cause of dyspnea on exertion and fatigue, but there's no specific prevalence data available.

Step 2: Bayesian Evidence

The patient's symptoms of fatigue and dyspnea on exertion, which started 2 weeks ago and have been progressively getting worse, are significant. However, the absence of other symptoms associated with the common conditions listed above makes it difficult to update the priors significantly.

Step 3: Differential Diagnoses

Given the information available, the differential diagnoses, ordered by likelihood, are:

1. Deconditioning
2. Anemia
3. Hypothyroidism
4. Cardiovascular disease
5. COPD

#### List of Questions

1. Have you been less active or exercising less recently?
2. Have you noticed any changes in your sleep patterns?
3. Have you experienced any recent stress or changes in your lifestyle?
4. Do you have a family history of anemia, thyroid disease, cardiovascular disease, or COPD?
5. Do you smoke or have a history of smoking?
6. Have you been exposed to any environmental pollutants or irritants at home or work?
7. Have you had any recent infections or illnesses?
8. Are you taking any medications or supplements?
2023-07-21 21:40:10,255 - 19864 - DEBUG - langDocBack.adviseDoc()
2023-07-21 21:40:12,701 - 19864 - INFO - processResponse() - Doctor: Do you have a family history of anemia, thyroid disease, cardiovascular disease, or COPD?
2023-07-21 21:40:16,072 - 19864 - DEBUG - langDocBack.processResponse()
2023-07-21 21:40:16,072 - 19864 - DEBUG - langDocBack.updateSummary()
2023-07-21 21:40:31,544 - 19864 - INFO - --- SUMMARY OF demoConversation---
- Patient Demographics:
    - Age: 42 years old
    - Gender: Female
    - Nationality: United States

- Symptoms:
    - Fatigue
        - Significant, started 2 weeks ago, progressively getting worse
    - Dyspnea on exertion
        - Difficulty climbing a flight of stairs without rest, started 2 weeks ago, progressively getting worse

- Menstrual Cycle:
    - Regular and consistent
    - Duration: 4 days
    - Description: Not heavy
    - Last period: 2 weeks ago, no abnormalities or excessive bleeding

- Weight:
    - Stable, no significant changes recently

- Skin and Hair:
    - No changes, no dryness or hair loss
    - Skin color: Normal, no noticeable pallor

- Appetite and Bowel Habits:
    - Normal appetite
    - Regular bowel habits
    - No nausea, vomiting, diarrhea, or abdominal pain

- Mental Health:
    - Mood: Stable, no recent changes
    - No feelings of anxiety or depression

- Negative Symptoms:
    - No cough
    - No wheezing
    - No chest pain
    - No palpitations

- Family History:
    - Mother: History of anemia, 65 years old
    - Father: Type 2 diabetes mellitus, well-controlled with diet and exercise, 68 years old
    - No known family history of thyroid disease, cardiovascular disease, or COPD
2023-07-21 21:40:31,559 - 19864 - DEBUG - langDocBack.planNextQuestion()
2023-07-21 21:41:02,882 - 19864 - INFO - --- BAYESIAN ADVICE ---
Step 1: Constructing Priors

Given the patient's demographics, the most likely conditions a priori are those that are common in middle-aged women in the United States. These include anemia, thyroid disorders, and cardiovascular diseases. 

- Anemia: The patient's mother has a history of anemia, which can increase the patient's risk. The prevalence of anemia in women aged 40-59 in the US is about 9.5% (CDC, 2020). 

- Thyroid disorders: The patient has no family history of thyroid disease, but these disorders are common in women, with a prevalence of about 12% in the US population (American Thyroid Association). 

- Cardiovascular diseases: The patient's father has type 2 diabetes, which can increase the risk of cardiovascular diseases. However, the patient has no symptoms of chest pain or palpitations. The prevalence of cardiovascular diseases in women aged 40-59 in the US is about 11.3% (CDC, 2020).

Step 2: Bayesian Evidence

The patient's symptoms of fatigue and dyspnea on exertion could be indicative of several conditions, including anemia, thyroid disorders, and cardiovascular diseases. 

- Anemia: The patient's symptoms of fatigue and dyspnea on exertion are common in anemia. However, the patient has no noticeable pallor, which is often seen in anemia. 

- Thyroid disorders: Fatigue is a common symptom of hypothyroidism, but the patient has no other symptoms such as dry skin or hair loss. 

- Cardiovascular diseases: Dyspnea on exertion can be a symptom of heart disease, but the patient has no chest pain or palpitations.

Step 3: Differential Diagnoses

Based on the patient's demographics, family history, and symptoms, the most likely differential diagnoses, in order of likelihood, are:

1. Anemia
2. Thyroid disorders
3. Cardiovascular diseases

#### List of Questions

1. Have you noticed any changes in your urine or stool color?
2. Have you experienced any dizziness or fainting spells?
3. Have you noticed any changes in your body temperature, such as feeling cold all the time?
4. Have you experienced any difficulty sleeping or changes in your sleep patterns?
5. Have you noticed any changes in your heart rate, such as a fast or irregular heartbeat?
6. Have you experienced any swelling in your legs or ankles?
7. Have you had any recent infections or illnesses?
8. Are you currently taking any medications or supplements?
2023-07-21 21:41:02,889 - 19864 - DEBUG - langDocBack.auditConvo()
2023-07-21 21:41:23,080 - 19864 - INFO - --- AUDIT OF demoConversation---
Given the patient's symptoms of fatigue and dyspnea on exertion, along with a family history of anemia, the most likely diagnosis is anemia. However, other conditions such as thyroid disorders and cardiovascular diseases cannot be ruled out based on the information provided.

The patient's symptoms have been progressively getting worse over the past two weeks, which is concerning. While these symptoms are not immediately life-threatening, they are significantly impacting the patient's quality of life and could potentially indicate a serious underlying condition.

The patient does not have symptoms that would typically indicate an emergency situation, such as severe chest pain, difficulty breathing at rest, or loss of consciousness. Therefore, it does not seem necessary for the patient to call an ambulance or go to the emergency room at this time.

However, the patient should definitely seek medical attention. A primary care physician or a general practitioner would be able to conduct further tests to confirm the diagnosis and start the appropriate treatment. The patient should make an appointment as soon as possible, and should not delay seeking medical attention.

### ADVICE
You should seek medical attention as soon as possible. Your symptoms of fatigue and dyspnea on exertion could be due to anemia, but thyroid disorders and cardiovascular diseases could also be possible. You should make an appointment with your primary care physician or a general practitioner for further evaluation and treatment. It is not necessary to call an ambulance or go to the emergency room at this time, unless your symptoms significantly worsen or you develop new symptoms such as severe chest pain, difficulty breathing at rest, or loss of consciousness.
2023-07-21 21:41:23,091 - 19864 - INFO - AUDIT CONTAINS ADVICE; SPLITTING
2023-07-21 21:41:23,091 - 19864 - INFO - ADVICE SPLIT: 
You should seek medical attention as soon as possible. Your symptoms of fatigue and dyspnea on exertion could be due to anemia, but thyroid disorders and cardiovascular diseases could also be possible. You should make an appointment with your primary care physician or a general practitioner for further evaluation and treatment. It is not necessary to call an ambulance or go to the emergency room at this time, unless your symptoms significantly worsen or you develop new symptoms such as severe chest pain, difficulty breathing at rest, or loss of consciousness.(auditConvo)
2023-07-21 21:41:23,093 - 19864 - INFO - Audit Advice: 
You should seek medical attention as soon as possible. Your symptoms of fatigue and dyspnea on exertion could be due to anemia, but thyroid disorders and cardiovascular diseases could also be possible. You should make an appointment with your primary care physician or a general practitioner for further evaluation and treatment. It is not necessary to call an ambulance or go to the emergency room at this time, unless your symptoms significantly worsen or you develop new symptoms such as severe chest pain, difficulty breathing at rest, or loss of consciousness.
2023-07-21 21:41:23,094 - 19864 - DEBUG - langDocBack.adviseDoc()
2023-07-21 21:41:24,996 - 19864 - INFO - processResponse() - Doctor: Have you experienced any dizziness or fainting spells?
2023-07-21 21:41:27,249 - 19864 - DEBUG - langDocBack.processResponse()
2023-07-21 21:41:27,249 - 19864 - DEBUG - langDocBack.updateSummary()
2023-07-21 21:41:53,888 - 19864 - INFO - --- SUMMARY OF demoConversation---
- Patient Demographics:
    - Age: 42 years old
    - Gender: Female
    - Nationality: United States

- Symptoms:
    - Fatigue
        - Significant, started 2 weeks ago, progressively getting worse
    - Dyspnea on exertion
        - Difficulty climbing a flight of stairs without rest, started 2 weeks ago, progressively getting worse

- Negative Symptoms:
    - No dizziness or fainting spells
    - No cough
    - No wheezing
    - No chest pain
    - No palpitations

- Menstrual Cycle:
    - Regular and consistent
    - Duration: 4 days
    - Description: Not heavy
    - Last period: 2 weeks ago, no abnormalities or excessive bleeding

- Weight:
    - Stable, no significant changes recently

- Skin and Hair:
    - No changes, no dryness or hair loss
    - Skin color: Normal, no noticeable pallor

- Appetite and Bowel Habits:
    - Normal appetite
    - Regular bowel habits
    - No nausea, vomiting, diarrhea, or abdominal pain

- Mental Health:
    - Mood: Stable, no recent changes
    - No feelings of anxiety or depression

- Family History:
    - Mother: History of anemia, 65 years old
    - Father: Type 2 diabetes mellitus, well-controlled with diet and exercise, 68 years old
    - No known family history of thyroid disease, cardiovascular disease, or COPD
2023-07-21 21:41:53,912 - 19864 - DEBUG - langDocBack.planNextQuestion()
2023-07-21 21:42:53,518 - 19864 - INFO - --- BAYESIAN ADVICE ---
Step 1: Constructing Priors

Given the patient's demographics, the most likely conditions a priori are those that are common in middle-aged women in the United States. The patient's symptoms of fatigue and dyspnea on exertion could be indicative of a number of conditions, including anemia, heart disease, lung disease, or a metabolic disorder. However, the patient's negative symptoms and family history help to narrow down the possibilities.

- Anemia: The patient's mother has a history of anemia, which could increase the patient's risk. Additionally, anemia is common in women and could cause fatigue and dyspnea. The prevalence of anemia in women aged 40-59 in the US is about 9.5% (CDC, 2021).

- Heart Disease: Although the patient has no family history of heart disease and no chest pain or palpitations, heart disease is the leading cause of death in women in the US, with a prevalence of about 13.7% in women aged 40-59 (CDC, 2021).

- Lung Disease: The patient has no cough, wheezing, or family history of COPD, which makes lung disease less likely. The prevalence of COPD in women aged 45-64 in the US is about 6.2% (CDC, 2021).

- Metabolic Disorders: The patient's father has type 2 diabetes, but the patient has no symptoms of this condition. The prevalence of diabetes in women aged 45-64 in the US is about 14.9% (CDC, 2021).

Step 2: Bayesian Evidence

The patient's symptoms of fatigue and dyspnea on exertion could be indicative of anemia, heart disease, lung disease, or a metabolic disorder. However, the patient's negative symptoms and family history help to narrow down the possibilities.

- Anemia: The patient's symptoms are consistent with anemia, and her mother's history of anemia could increase her risk. However, the patient has no pallor, which is a common symptom of anemia.

- Heart Disease: The patient's symptoms could be indicative of heart disease, but she has no chest pain or palpitations, which are common symptoms of this condition.

- Lung Disease: The patient's symptoms could be indicative of lung disease, but she has no cough or wheezing, which are common symptoms of this condition.

- Metabolic Disorders: The patient's symptoms could be indicative of a metabolic disorder, but she has no symptoms of diabetes, which is a common metabolic disorder.

Step 3: Differential Diagnoses

Based on the patient's symptoms, negative symptoms, and family history, the most likely diagnoses, in order, are:

1. Anemia
2. Heart Disease
3. Metabolic Disorders
4. Lung Disease

#### List of Questions

1. Have you noticed any changes in the color of your stool or urine?
2. Have you experienced any unusual bruising or bleeding?
3. Have you had any difficulty sleeping or experienced night sweats?
4. Have you noticed any changes in your vision or hearing?
5. Have you experienced any numbness or tingling in your extremities?
6. Have you had any recent infections or illnesses?
7. Do you have any known allergies?
8. What is your diet like? Do you eat a balanced diet with enough iron and vitamins?
9. Do you exercise regularly? If so, what type and how often?
10. Do you smoke or drink alcohol? If so, how much and how often?
11. Are you currently taking any medications or supplements? If so, what and how often?
12. Have you traveled recently, particularly to high-altitude areas?
2023-07-21 21:42:53,532 - 19864 - DEBUG - langDocBack.adviseDoc()
2023-07-21 21:42:57,539 - 19864 - INFO - processResponse() - Doctor: Are you currently taking any medications or supplements? If so, could you please tell me what they are and how often you take them?
2023-07-21 21:43:00,039 - 19864 - DEBUG - langDocBack.processResponse()
2023-07-21 21:43:00,039 - 19864 - DEBUG - langDocBack.updateSummary()
2023-07-21 21:43:26,245 - 19864 - INFO - --- SUMMARY OF demoConversation---
- Patient Demographics:
    - Age: 42 years old
    - Gender: Female
    - Nationality: United States

- Symptoms:
    - Fatigue
        - Significant, started 2 weeks ago, progressively getting worse
    - Dyspnea on exertion
        - Difficulty climbing a flight of stairs without rest, started 2 weeks ago, progressively getting worse

- Negative Symptoms:
    - No dizziness or fainting spells
    - No cough
    - No wheezing
    - No chest pain
    - No palpitations

- Medications and Supplements:
    - Occasional use of over-the-counter NSAIDs (non-steroidal anti-inflammatory drugs) like ibuprofen for headaches or muscle pain

- Menstrual Cycle:
    - Regular and consistent
    - Duration: 4 days
    - Description: Not heavy
    - Last period: 2 weeks ago, no abnormalities or excessive bleeding

- Weight:
    - Stable, no significant changes recently

- Skin and Hair:
    - No changes, no dryness or hair loss
    - Skin color: Normal, no noticeable pallor

- Appetite and Bowel Habits:
    - Normal appetite
    - Regular bowel habits
    - No nausea, vomiting, diarrhea, or abdominal pain

- Mental Health:
    - Mood: Stable, no recent changes
    - No feelings of anxiety or depression

- Family History:
    - Mother: History of anemia, 65 years old
    - Father: Type 2 diabetes mellitus, well-controlled with diet and exercise, 68 years old
    - No known family history of thyroid disease, cardiovascular disease, or COPD
2023-07-21 21:43:26,245 - 19864 - DEBUG - langDocBack.planNextQuestion()
2023-07-21 21:43:56,957 - 19864 - INFO - --- BAYESIAN ADVICE ---
Step 1: Constructing Priors

Given the patient's demographics, the most likely conditions a priori are:

1. Iron deficiency anemia: The patient is a premenopausal woman, a group that has a higher risk of iron deficiency anemia due to menstrual blood loss. The prevalence of iron deficiency anemia in premenopausal women in the US is about 9-12% (Zimmermann & Hurrell, 2007). The patient's mother also has a history of anemia, which could suggest a genetic predisposition.

2. Hypothyroidism: The patient is a middle-aged woman, a group that has a higher risk of hypothyroidism. The prevalence of hypothyroidism in the US is about 4.6% (Hollowell et al., 2002), but it's higher in women and increases with age.

3. Cardiovascular disease: The patient is a woman in her 40s, so the risk of cardiovascular disease is lower than in older adults or men, but it's still a possibility given the symptoms of fatigue and dyspnea on exertion. The prevalence of cardiovascular disease in women aged 40-59 in the US is about 7.1% (Benjamin et al., 2019).

Step 2: Bayesian Evidence

The patient's symptoms of fatigue and dyspnea on exertion could be indicative of anemia, hypothyroidism, or cardiovascular disease. However, the absence of symptoms such as dizziness, fainting, chest pain, or palpitations makes cardiovascular disease less likely. The absence of symptoms such as dry skin, hair loss, or changes in weight or appetite makes hypothyroidism less likely. The absence of heavy menstrual bleeding makes iron deficiency anemia less likely, but it's still a possibility given the patient's gender and family history.

Step 3: Differential Diagnoses

1. Iron deficiency anemia
2. Hypothyroidism
3. Cardiovascular disease

#### List of Questions

1. Have you noticed any changes in your stool color or consistency?
2. Have you experienced any unusual cravings for non-food items (pica)?
3. Have you noticed any changes in your tolerance to cold or heat?
4. Have you experienced any changes in your voice or difficulty swallowing?
5. Have you had any recent infections or illnesses?
6. Do you have any history of heart disease or high blood pressure?
7. Do you smoke or have a history of smoking?
8. Do you exercise regularly? If so, what type and how often?
9. Do you have any other symptoms that you haven't mentioned?
2023-07-21 21:43:56,969 - 19864 - DEBUG - langDocBack.adviseDoc()
2023-07-21 21:44:00,199 - 19864 - INFO - processResponse() - Doctor: Do you exercise regularly? If so, could you please tell me what type of exercise you do and how often?
2023-07-21 21:44:02,738 - 19864 - DEBUG - langDocBack.processResponse()
2023-07-21 21:44:02,738 - 19864 - DEBUG - langDocBack.updateSummary()
